<?xml version="1.0" encoding="UTF-8"?>
<testsuite name="org.autotest.RegressionTest48" tests="50" skipped="0" failures="0" errors="0" timestamp="2025-03-26T22:49:34" hostname="pc35" time="0.013">
  <properties/>
  <testcase name="test2401()" classname="org.autotest.RegressionTest48" time="0.001"/>
  <testcase name="test2402()" classname="org.autotest.RegressionTest48" time="0.0"/>
  <testcase name="test2403()" classname="org.autotest.RegressionTest48" time="0.001"/>
  <testcase name="test2404()" classname="org.autotest.RegressionTest48" time="0.0"/>
  <testcase name="test2405()" classname="org.autotest.RegressionTest48" time="0.0"/>
  <testcase name="test2406()" classname="org.autotest.RegressionTest48" time="0.0"/>
  <testcase name="test2407()" classname="org.autotest.RegressionTest48" time="0.0"/>
  <testcase name="test2408()" classname="org.autotest.RegressionTest48" time="0.001"/>
  <testcase name="test2409()" classname="org.autotest.RegressionTest48" time="0.0"/>
  <testcase name="test2410()" classname="org.autotest.RegressionTest48" time="0.0"/>
  <testcase name="test2411()" classname="org.autotest.RegressionTest48" time="0.0"/>
  <testcase name="test2412()" classname="org.autotest.RegressionTest48" time="0.0"/>
  <testcase name="test2413()" classname="org.autotest.RegressionTest48" time="0.001"/>
  <testcase name="test2414()" classname="org.autotest.RegressionTest48" time="0.0"/>
  <testcase name="test2415()" classname="org.autotest.RegressionTest48" time="0.0"/>
  <testcase name="test2416()" classname="org.autotest.RegressionTest48" time="0.001"/>
  <testcase name="test2417()" classname="org.autotest.RegressionTest48" time="0.0"/>
  <testcase name="test2418()" classname="org.autotest.RegressionTest48" time="0.0"/>
  <testcase name="test2419()" classname="org.autotest.RegressionTest48" time="0.0"/>
  <testcase name="test2420()" classname="org.autotest.RegressionTest48" time="0.0"/>
  <testcase name="test2421()" classname="org.autotest.RegressionTest48" time="0.0"/>
  <testcase name="test2422()" classname="org.autotest.RegressionTest48" time="0.0"/>
  <testcase name="test2423()" classname="org.autotest.RegressionTest48" time="0.0"/>
  <testcase name="test2424()" classname="org.autotest.RegressionTest48" time="0.0"/>
  <testcase name="test2425()" classname="org.autotest.RegressionTest48" time="0.001"/>
  <testcase name="test2426()" classname="org.autotest.RegressionTest48" time="0.0"/>
  <testcase name="test2427()" classname="org.autotest.RegressionTest48" time="0.0"/>
  <testcase name="test2428()" classname="org.autotest.RegressionTest48" time="0.0"/>
  <testcase name="test2429()" classname="org.autotest.RegressionTest48" time="0.0"/>
  <testcase name="test2430()" classname="org.autotest.RegressionTest48" time="0.001"/>
  <testcase name="test2431()" classname="org.autotest.RegressionTest48" time="0.0"/>
  <testcase name="test2432()" classname="org.autotest.RegressionTest48" time="0.0"/>
  <testcase name="test2433()" classname="org.autotest.RegressionTest48" time="0.0"/>
  <testcase name="test2434()" classname="org.autotest.RegressionTest48" time="0.0"/>
  <testcase name="test2435()" classname="org.autotest.RegressionTest48" time="0.001"/>
  <testcase name="test2436()" classname="org.autotest.RegressionTest48" time="0.0"/>
  <testcase name="test2437()" classname="org.autotest.RegressionTest48" time="0.0"/>
  <testcase name="test2438()" classname="org.autotest.RegressionTest48" time="0.0"/>
  <testcase name="test2439()" classname="org.autotest.RegressionTest48" time="0.0"/>
  <testcase name="test2440()" classname="org.autotest.RegressionTest48" time="0.0"/>
  <testcase name="test2441()" classname="org.autotest.RegressionTest48" time="0.0"/>
  <testcase name="test2442()" classname="org.autotest.RegressionTest48" time="0.0"/>
  <testcase name="test2443()" classname="org.autotest.RegressionTest48" time="0.0"/>
  <testcase name="test2444()" classname="org.autotest.RegressionTest48" time="0.0"/>
  <testcase name="test2445()" classname="org.autotest.RegressionTest48" time="0.0"/>
  <testcase name="test2446()" classname="org.autotest.RegressionTest48" time="0.0"/>
  <testcase name="test2447()" classname="org.autotest.RegressionTest48" time="0.0"/>
  <testcase name="test2448()" classname="org.autotest.RegressionTest48" time="0.0"/>
  <testcase name="test2449()" classname="org.autotest.RegressionTest48" time="0.0"/>
  <testcase name="test2450()" classname="org.autotest.RegressionTest48" time="0.0"/>
  <system-out><![CDATA[]]></system-out>
  <system-err><![CDATA[]]></system-err>
</testsuite>
