<?xml version="1.0" encoding="UTF-8"?>
<testsuite name="org.autotest.RegressionTest25" tests="50" skipped="0" failures="0" errors="0" timestamp="2025-03-26T22:49:34" hostname="pc35" time="0.021">
  <properties/>
  <testcase name="test1251()" classname="org.autotest.RegressionTest25" time="0.0"/>
  <testcase name="test1252()" classname="org.autotest.RegressionTest25" time="0.001"/>
  <testcase name="test1253()" classname="org.autotest.RegressionTest25" time="0.001"/>
  <testcase name="test1254()" classname="org.autotest.RegressionTest25" time="0.0"/>
  <testcase name="test1255()" classname="org.autotest.RegressionTest25" time="0.001"/>
  <testcase name="test1256()" classname="org.autotest.RegressionTest25" time="0.0"/>
  <testcase name="test1257()" classname="org.autotest.RegressionTest25" time="0.001"/>
  <testcase name="test1258()" classname="org.autotest.RegressionTest25" time="0.0"/>
  <testcase name="test1259()" classname="org.autotest.RegressionTest25" time="0.001"/>
  <testcase name="test1260()" classname="org.autotest.RegressionTest25" time="0.0"/>
  <testcase name="test1261()" classname="org.autotest.RegressionTest25" time="0.0"/>
  <testcase name="test1262()" classname="org.autotest.RegressionTest25" time="0.0"/>
  <testcase name="test1263()" classname="org.autotest.RegressionTest25" time="0.0"/>
  <testcase name="test1264()" classname="org.autotest.RegressionTest25" time="0.0"/>
  <testcase name="test1265()" classname="org.autotest.RegressionTest25" time="0.0"/>
  <testcase name="test1266()" classname="org.autotest.RegressionTest25" time="0.0"/>
  <testcase name="test1267()" classname="org.autotest.RegressionTest25" time="0.0"/>
  <testcase name="test1268()" classname="org.autotest.RegressionTest25" time="0.0"/>
  <testcase name="test1269()" classname="org.autotest.RegressionTest25" time="0.0"/>
  <testcase name="test1270()" classname="org.autotest.RegressionTest25" time="0.0"/>
  <testcase name="test1271()" classname="org.autotest.RegressionTest25" time="0.0"/>
  <testcase name="test1272()" classname="org.autotest.RegressionTest25" time="0.0"/>
  <testcase name="test1273()" classname="org.autotest.RegressionTest25" time="0.001"/>
  <testcase name="test1274()" classname="org.autotest.RegressionTest25" time="0.0"/>
  <testcase name="test1275()" classname="org.autotest.RegressionTest25" time="0.0"/>
  <testcase name="test1276()" classname="org.autotest.RegressionTest25" time="0.0"/>
  <testcase name="test1277()" classname="org.autotest.RegressionTest25" time="0.0"/>
  <testcase name="test1278()" classname="org.autotest.RegressionTest25" time="0.001"/>
  <testcase name="test1279()" classname="org.autotest.RegressionTest25" time="0.0"/>
  <testcase name="test1280()" classname="org.autotest.RegressionTest25" time="0.0"/>
  <testcase name="test1281()" classname="org.autotest.RegressionTest25" time="0.0"/>
  <testcase name="test1282()" classname="org.autotest.RegressionTest25" time="0.0"/>
  <testcase name="test1283()" classname="org.autotest.RegressionTest25" time="0.0"/>
  <testcase name="test1284()" classname="org.autotest.RegressionTest25" time="0.0"/>
  <testcase name="test1285()" classname="org.autotest.RegressionTest25" time="0.001"/>
  <testcase name="test1286()" classname="org.autotest.RegressionTest25" time="0.0"/>
  <testcase name="test1287()" classname="org.autotest.RegressionTest25" time="0.0"/>
  <testcase name="test1288()" classname="org.autotest.RegressionTest25" time="0.0"/>
  <testcase name="test1289()" classname="org.autotest.RegressionTest25" time="0.001"/>
  <testcase name="test1290()" classname="org.autotest.RegressionTest25" time="0.0"/>
  <testcase name="test1291()" classname="org.autotest.RegressionTest25" time="0.0"/>
  <testcase name="test1292()" classname="org.autotest.RegressionTest25" time="0.0"/>
  <testcase name="test1293()" classname="org.autotest.RegressionTest25" time="0.0"/>
  <testcase name="test1294()" classname="org.autotest.RegressionTest25" time="0.0"/>
  <testcase name="test1295()" classname="org.autotest.RegressionTest25" time="0.0"/>
  <testcase name="test1296()" classname="org.autotest.RegressionTest25" time="0.001"/>
  <testcase name="test1297()" classname="org.autotest.RegressionTest25" time="0.0"/>
  <testcase name="test1298()" classname="org.autotest.RegressionTest25" time="0.001"/>
  <testcase name="test1299()" classname="org.autotest.RegressionTest25" time="0.0"/>
  <testcase name="test1300()" classname="org.autotest.RegressionTest25" time="0.001"/>
  <system-out><![CDATA[]]></system-out>
  <system-err><![CDATA[]]></system-err>
</testsuite>
